<?xml version="1.0" encoding="UTF-8"?>
<!-- Generated by org.testng.reporters.JUnitXMLReporter -->
<testsuite hostname="DESKTOP-J3DD1K9" ignored="5" name="Method" tests="4" failures="0" timestamp="11 Feb 2020 19:33:02 GMT" time="1.672" errors="0">
  <testcase name="printxlshtvalues" time="0.04" classname="mycode.MainProgram"/>
  <testcase name="printxlshtvalues" time="0.004" classname="mycode.MainProgram"/>
  <testcase name="printxlshtvalues" time="0.008" classname="mycode.MainProgram"/>
  <testcase name="printxlshtvalues" time="0.002" classname="mycode.MainProgram"/>
  <testcase name="three" time="0.0" classname="mycode.MainProgram">
    <ignored/>
  </testcase> <!-- three -->
  <testcase name="two" time="0.0" classname="mycode.MainProgram">
    <ignored/>
  </testcase> <!-- two -->
  <testcase name="mousehoversafeco" time="0.0" classname="mycode.MousehoverandGettext">
    <ignored/>
  </testcase> <!-- mousehoversafeco -->
  <testcase name="one" time="0.0" classname="mycode.MainProgram">
    <ignored/>
  </testcase> <!-- one -->
  <testcase name="sysprint" time="0.0" classname="mycode.WinHandle">
    <ignored/>
  </testcase> <!-- sysprint -->
</testsuite> <!-- Method -->
