<?xml version="1.0" encoding="UTF-8"?>
<!-- Generated by org.testng.reporters.JUnitXMLReporter -->
<testsuite hostname="DESKTOP-J3DD1K9" ignored="5" name="Method" tests="2" failures="0" timestamp="11 Feb 2020 12:55:10 GMT" time="1.353" errors="0">
  <testcase name="printxlshtvalues" time="0.017" classname="mycode.MainProgram"/>
  <testcase name="printxlshtvalues" time="0.003" classname="mycode.MainProgram"/>
  <testcase name="two" time="0.0" classname="mycode.MainProgram">
    <ignored/>
  </testcase> <!-- two -->
  <testcase name="three" time="0.0" classname="mycode.MainProgram">
    <ignored/>
  </testcase> <!-- three -->
  <testcase name="mousehoversafeco" time="0.0" classname="mycode.MousehoverandGettext">
    <ignored/>
  </testcase> <!-- mousehoversafeco -->
  <testcase name="one" time="0.0" classname="mycode.MainProgram">
    <ignored/>
  </testcase> <!-- one -->
  <testcase name="sysprint" time="0.0" classname="mycode.WinHandle">
    <ignored/>
  </testcase> <!-- sysprint -->
</testsuite> <!-- Method -->
