<?xml version="1.0" encoding="UTF-8"?>
<!-- Generated by org.testng.reporters.JUnitXMLReporter -->
<testsuite hostname="DESKTOP-J3DD1K9" ignored="3" name="Default test" tests="1" failures="0" timestamp="11 Feb 2020 12:19:46 GMT" time="32.731" errors="0">
  <testcase name="printxlshtvalues" time="0.0" classname="mycode.MainProgram">
    <skipped/>
  </testcase> <!-- printxlshtvalues -->
  <testcase name="two" time="0.0" classname="mycode.MainProgram">
    <ignored/>
  </testcase> <!-- two -->
  <testcase name="three" time="0.0" classname="mycode.MainProgram">
    <ignored/>
  </testcase> <!-- three -->
  <testcase name="one" time="0.0" classname="mycode.MainProgram">
    <ignored/>
  </testcase> <!-- one -->
</testsuite> <!-- Default test -->
