<?xml version="1.0" encoding="UTF-8"?>
<testng-results skipped="0" failed="0" ignored="5" total="9" passed="4">
  <reporter-output>
  </reporter-output>
  <suite name="Suite" duration-ms="1672" started-at="2020-02-11T19:33:00Z" finished-at="2020-02-11T19:33:01Z">
    <groups>
      <group name="Regression">
        <method signature="MainProgram.printxlshtvalues(java.lang.String, java.lang.String, java.lang.String)[pri:1, instance:mycode.MainProgram@17e2f02]" name="printxlshtvalues" class="mycode.MainProgram"/>
      </group> <!-- Regression -->
      <group name="sanity">
        <method signature="MainProgram.printxlshtvalues(java.lang.String, java.lang.String, java.lang.String)[pri:1, instance:mycode.MainProgram@17e2f02]" name="printxlshtvalues" class="mycode.MainProgram"/>
      </group> <!-- sanity -->
    </groups>
    <test name="Method" duration-ms="1672" started-at="2020-02-11T19:33:00Z" finished-at="2020-02-11T19:33:01Z">
      <class name="mycode.MainProgram">
        <test-method status="PASS" signature="printxlshtvalues(java.lang.String, java.lang.String, java.lang.String)[pri:1, instance:mycode.MainProgram@17e2f02]" name="printxlshtvalues" duration-ms="40" started-at="2020-02-11T19:33:01Z" data-provider="Testdata" finished-at="2020-02-11T19:33:01Z">
          <params>
            <param index="0">
              <value>
                <![CDATA[R1C1]]>
              </value>
            </param>
            <param index="1">
              <value>
                <![CDATA[R1C2]]>
              </value>
            </param>
            <param index="2">
              <value>
                <![CDATA[R1C3]]>
              </value>
            </param>
          </params>
          <reporter-output>
          </reporter-output>
        </test-method> <!-- printxlshtvalues -->
        <test-method status="PASS" signature="printxlshtvalues(java.lang.String, java.lang.String, java.lang.String)[pri:1, instance:mycode.MainProgram@17e2f02]" name="printxlshtvalues" duration-ms="4" started-at="2020-02-11T19:33:01Z" data-provider="Testdata" finished-at="2020-02-11T19:33:01Z">
          <params>
            <param index="0">
              <value>
                <![CDATA[R2C1]]>
              </value>
            </param>
            <param index="1">
              <value>
                <![CDATA[R2C2]]>
              </value>
            </param>
            <param index="2">
              <value>
                <![CDATA[R2C3]]>
              </value>
            </param>
          </params>
          <reporter-output>
          </reporter-output>
        </test-method> <!-- printxlshtvalues -->
        <test-method status="PASS" signature="printxlshtvalues(java.lang.String, java.lang.String, java.lang.String)[pri:1, instance:mycode.MainProgram@17e2f02]" name="printxlshtvalues" duration-ms="8" started-at="2020-02-11T19:33:01Z" data-provider="Testdata" finished-at="2020-02-11T19:33:01Z">
          <params>
            <param index="0">
              <value>
                <![CDATA[R3C1]]>
              </value>
            </param>
            <param index="1">
              <value>
                <![CDATA[R3C2]]>
              </value>
            </param>
            <param index="2">
              <value>
                <![CDATA[R3C3]]>
              </value>
            </param>
          </params>
          <reporter-output>
          </reporter-output>
        </test-method> <!-- printxlshtvalues -->
        <test-method status="PASS" signature="printxlshtvalues(java.lang.String, java.lang.String, java.lang.String)[pri:1, instance:mycode.MainProgram@17e2f02]" name="printxlshtvalues" duration-ms="2" started-at="2020-02-11T19:33:01Z" data-provider="Testdata" finished-at="2020-02-11T19:33:01Z">
          <params>
            <param index="0">
              <value>
                <![CDATA[R4C1]]>
              </value>
            </param>
            <param index="1">
              <value>
                <![CDATA[R4C2]]>
              </value>
            </param>
            <param index="2">
              <value>
                <![CDATA[R4C3]]>
              </value>
            </param>
          </params>
          <reporter-output>
          </reporter-output>
        </test-method> <!-- printxlshtvalues -->
      </class> <!-- mycode.MainProgram -->
    </test> <!-- Method -->
  </suite> <!-- Suite -->
</testng-results>
